[debug] [2019-11-16T16:45:41.662Z] ----------------------------------------------------------------------
[debug] [2019-11-16T16:45:41.666Z] Command:       C:\Program Files\nodejs\node.exe C:\Users\user\AppData\Roaming\npm\node_modules\firebase-tools\lib\bin\firebase.js deploy
[debug] [2019-11-16T16:45:41.666Z] CLI Version:   7.7.0
[debug] [2019-11-16T16:45:41.666Z] Platform:      win32
[debug] [2019-11-16T16:45:41.666Z] Node Version:  v11.13.0
[debug] [2019-11-16T16:45:41.750Z] Time:          Sat Nov 16 2019 19:45:41 GMT+0300 (East Africa Time)
[debug] [2019-11-16T16:45:41.750Z] ----------------------------------------------------------------------
[debug] [2019-11-16T16:45:41.750Z] 
[debug] [2019-11-16T16:45:41.822Z] > command requires scopes: ["email","openid","https://www.googleapis.com/auth/cloudplatformprojects.readonly","https://www.googleapis.com/auth/firebase","https://www.googleapis.com/auth/cloud-platform"]
[debug] [2019-11-16T16:45:41.823Z] > authorizing via signed-in user
[debug] [2019-11-16T16:45:41.823Z] [iam] checking project netflix-clone-app for permissions ["firebase.projects.get","firebasedatabase.instances.update","firebasehosting.sites.update"]
[debug] [2019-11-16T16:45:41.828Z] >>> HTTP REQUEST POST https://cloudresourcemanager.googleapis.com/v1/projects/netflix-clone-app:testIamPermissions  

[debug] [2019-11-16T16:45:45.537Z] <<< HTTP RESPONSE 200
[debug] [2019-11-16T16:45:45.551Z] >>> HTTP REQUEST GET https://firebase.googleapis.com/v1beta1/projects/netflix-clone-app  
 
[debug] [2019-11-16T16:45:46.140Z] <<< HTTP RESPONSE 200
[info] 
[info] === Deploying to 'netflix-clone-app'...
[info] 
[info] i  deploying database, hosting
[info] i  database: checking rules syntax...
[debug] [2019-11-16T16:45:46.275Z] >>> HTTP REQUEST PUT https://netflix-clone-app.firebaseio.com/.settings/rules.json?dryRun=true  
 {
  "rules": {
    ".read": "auth != null",
    ".write": "auth != null"
  }
}
[debug] [2019-11-16T16:45:47.678Z] <<< HTTP RESPONSE 404
[debug] [2019-11-16T16:45:47.678Z] <<< HTTP RESPONSE BODY {
  "error" : "Firebase error. Please ensure that you spelled the name of your Firebase correctly"
}

[error] 
[error] Error: Unexpected error while deploying database rules.
[debug] [2019-11-16T16:46:04.520Z] ----------------------------------------------------------------------
[debug] [2019-11-16T16:46:04.525Z] Command:       C:\Program Files\nodejs\node.exe C:\Users\user\AppData\Roaming\npm\node_modules\firebase-tools\lib\bin\firebase.js deploy
[debug] [2019-11-16T16:46:04.526Z] CLI Version:   7.7.0
[debug] [2019-11-16T16:46:04.526Z] Platform:      win32
[debug] [2019-11-16T16:46:04.526Z] Node Version:  v11.13.0
[debug] [2019-11-16T16:46:04.529Z] Time:          Sat Nov 16 2019 19:46:04 GMT+0300 (East Africa Time)
[debug] [2019-11-16T16:46:04.529Z] ----------------------------------------------------------------------
[debug] [2019-11-16T16:46:04.530Z] 
[debug] [2019-11-16T16:46:04.546Z] > command requires scopes: ["email","openid","https://www.googleapis.com/auth/cloudplatformprojects.readonly","https://www.googleapis.com/auth/firebase","https://www.googleapis.com/auth/cloud-platform"]
[debug] [2019-11-16T16:46:04.547Z] > authorizing via signed-in user
[debug] [2019-11-16T16:46:04.547Z] [iam] checking project netflix-clone-app for permissions ["firebase.projects.get","firebasedatabase.instances.update","firebasehosting.sites.update"]
[debug] [2019-11-16T16:46:04.550Z] >>> HTTP REQUEST POST https://cloudresourcemanager.googleapis.com/v1/projects/netflix-clone-app:testIamPermissions  

[debug] [2019-11-16T16:46:06.358Z] <<< HTTP RESPONSE 200
[debug] [2019-11-16T16:46:06.364Z] >>> HTTP REQUEST GET https://firebase.googleapis.com/v1beta1/projects/netflix-clone-app  
 
[debug] [2019-11-16T16:46:06.831Z] <<< HTTP RESPONSE 200
[info] 
[info] === Deploying to 'netflix-clone-app'...
[info] 
[info] i  deploying database, hosting
[info] i  database: checking rules syntax...
[debug] [2019-11-16T16:46:06.846Z] >>> HTTP REQUEST PUT https://netflix-clone-app.firebaseio.com/.settings/rules.json?dryRun=true  
 {
  "rules": {
    ".read": "auth != null",
    ".write": "auth != null"
  }
}
[debug] [2019-11-16T16:46:07.879Z] <<< HTTP RESPONSE 404
[debug] [2019-11-16T16:46:07.879Z] <<< HTTP RESPONSE BODY {
  "error" : "Firebase error. Please ensure that you spelled the name of your Firebase correctly"
}

[error] 
[error] Error: Unexpected error while deploying database rules.
[debug] [2019-11-16T16:46:26.068Z] ----------------------------------------------------------------------
[debug] [2019-11-16T16:46:26.075Z] Command:       C:\Program Files\nodejs\node.exe C:\Users\user\AppData\Roaming\npm\node_modules\firebase-tools\lib\bin\firebase.js deploy
[debug] [2019-11-16T16:46:26.075Z] CLI Version:   7.7.0
[debug] [2019-11-16T16:46:26.075Z] Platform:      win32
[debug] [2019-11-16T16:46:26.075Z] Node Version:  v11.13.0
[debug] [2019-11-16T16:46:26.079Z] Time:          Sat Nov 16 2019 19:46:26 GMT+0300 (East Africa Time)
[debug] [2019-11-16T16:46:26.080Z] ----------------------------------------------------------------------
[debug] [2019-11-16T16:46:26.080Z] 
[debug] [2019-11-16T16:46:26.097Z] > command requires scopes: ["email","openid","https://www.googleapis.com/auth/cloudplatformprojects.readonly","https://www.googleapis.com/auth/firebase","https://www.googleapis.com/auth/cloud-platform"]
[debug] [2019-11-16T16:46:26.098Z] > authorizing via signed-in user
[debug] [2019-11-16T16:46:26.098Z] [iam] checking project netflix-clone-app for permissions ["firebase.projects.get","firebasedatabase.instances.update","firebasehosting.sites.update"]
[debug] [2019-11-16T16:46:26.100Z] >>> HTTP REQUEST POST https://cloudresourcemanager.googleapis.com/v1/projects/netflix-clone-app:testIamPermissions  

[debug] [2019-11-16T16:46:27.885Z] <<< HTTP RESPONSE 200
[debug] [2019-11-16T16:46:27.889Z] >>> HTTP REQUEST GET https://firebase.googleapis.com/v1beta1/projects/netflix-clone-app  
 
[debug] [2019-11-16T16:46:28.396Z] <<< HTTP RESPONSE 200
[info] 
[info] === Deploying to 'netflix-clone-app'...
[info] 
[info] i  deploying database, hosting
[info] i  database: checking rules syntax...
[debug] [2019-11-16T16:46:28.436Z] >>> HTTP REQUEST PUT https://netflix-clone-app.firebaseio.com/.settings/rules.json?dryRun=true  
 {
  "rules": {
    ".read": "auth != null",
    ".write": "auth != null"
  }
}
[debug] [2019-11-16T16:46:29.577Z] <<< HTTP RESPONSE 404
[debug] [2019-11-16T16:46:29.578Z] <<< HTTP RESPONSE BODY {
  "error" : "Firebase error. Please ensure that you spelled the name of your Firebase correctly"
}

[error] 
[error] Error: Unexpected error while deploying database rules.
